0 info it worked if it ends with ok
1 verbose cli [ '/usr/bin/node', '/usr/bin/npm', 'run', 'docker' ]
2 info using npm@3.5.2
3 info using node@v8.10.0
4 verbose run-script [ 'predocker', 'docker', 'postdocker' ]
5 info lifecycle ubio@1.0.0~predocker: ubio@1.0.0
6 silly lifecycle ubio@1.0.0~predocker: no script for predocker, continuing
7 info lifecycle ubio@1.0.0~docker: ubio@1.0.0
8 verbose lifecycle ubio@1.0.0~docker: unsafe-perm in lifecycle true
9 verbose lifecycle ubio@1.0.0~docker: PATH: /usr/share/npm/bin/node-gyp-bin:/home/matthew/proj/ubio/discovery-service/node_modules/.bin:/usr/local/sbin:/usr/local/bin:/usr/sbin:/usr/bin:/sbin:/bin:/snap/bin
10 verbose lifecycle ubio@1.0.0~docker: CWD: /home/matthew/proj/ubio/discovery-service
11 silly lifecycle ubio@1.0.0~docker: Args: [ '-c',
11 silly lifecycle   'docker run -d --rm -v ${PWD}:/app --network=ubio_default --name discoveryservice-debug ubio/discoveryservice:latest tail -f /dev/null' ]
12 silly lifecycle ubio@1.0.0~docker: Returned: code: 125  signal: null
13 info lifecycle ubio@1.0.0~docker: Failed to exec docker script
14 verbose stack Error: ubio@1.0.0 docker: `docker run -d --rm -v ${PWD}:/app --network=ubio_default --name discoveryservice-debug ubio/discoveryservice:latest tail -f /dev/null`
14 verbose stack Exit status 125
14 verbose stack     at EventEmitter.<anonymous> (/usr/share/npm/lib/utils/lifecycle.js:232:16)
14 verbose stack     at emitTwo (events.js:126:13)
14 verbose stack     at EventEmitter.emit (events.js:214:7)
14 verbose stack     at ChildProcess.<anonymous> (/usr/share/npm/lib/utils/spawn.js:24:14)
14 verbose stack     at emitTwo (events.js:126:13)
14 verbose stack     at ChildProcess.emit (events.js:214:7)
14 verbose stack     at maybeClose (internal/child_process.js:925:16)
14 verbose stack     at Process.ChildProcess._handle.onexit (internal/child_process.js:209:5)
15 verbose pkgid ubio@1.0.0
16 verbose cwd /home/matthew/proj/ubio/discovery-service
17 error Linux 5.4.0-42-generic
18 error argv "/usr/bin/node" "/usr/bin/npm" "run" "docker"
19 error node v8.10.0
20 error npm  v3.5.2
21 error code ELIFECYCLE
22 error ubio@1.0.0 docker: `docker run -d --rm -v ${PWD}:/app --network=ubio_default --name discoveryservice-debug ubio/discoveryservice:latest tail -f /dev/null`
22 error Exit status 125
23 error Failed at the ubio@1.0.0 docker script 'docker run -d --rm -v ${PWD}:/app --network=ubio_default --name discoveryservice-debug ubio/discoveryservice:latest tail -f /dev/null'.
23 error Make sure you have the latest version of node.js and npm installed.
23 error If you do, this is most likely a problem with the ubio package,
23 error not with npm itself.
23 error Tell the author that this fails on your system:
23 error     docker run -d --rm -v ${PWD}:/app --network=ubio_default --name discoveryservice-debug ubio/discoveryservice:latest tail -f /dev/null
23 error You can get information on how to open an issue for this project with:
23 error     npm bugs ubio
23 error Or if that isn't available, you can get their info via:
23 error     npm owner ls ubio
23 error There is likely additional logging output above.
24 verbose exit [ 1, true ]
